<?xml version="1.0" encoding="UTF-8"?>
<testsuite name="com.ilCarro.qa14.tests.LoginTest" tests="2" skipped="0" failures="0" errors="0" timestamp="2021-06-19T17:21:15" hostname="DESKTOP-JSUKBT7" time="24.248">
  <properties/>
  <testcase name="loginRegisteredUserPositiveTest" classname="com.ilCarro.qa14.tests.LoginTest" time="2.479"/>
  <testcase name="loginRegisteredUserWithWrongPasswordNegativeTest" classname="com.ilCarro.qa14.tests.LoginTest" time="1.316"/>
  <system-out><![CDATA[20:21:15.160 [Test worker] INFO  com.ilCarro.qa14.tests.TestBase - Start test loginRegisteredUserPositiveTestwith data:[]
20:21:15.170 [Test worker] INFO  com.ilCarro.qa14.tests.TestBase - ______________________________
20:21:15.201 [Test worker] INFO  com.ilCarro.qa14.tests.TestBase - Start search By.cssSelector: [href='/signup']
20:21:15.326 [Test worker] INFO  com.ilCarro.qa14.tests.TestBase - By.cssSelector: [href='/signup']found. 
20:21:15.343 [Test worker] INFO  com.ilCarro.qa14.tests.TestBase - Start search By.cssSelector: #root > div > header > section > ul > li:nth-child(5) > a
20:21:15.615 [Test worker] INFO  com.ilCarro.qa14.tests.TestBase - By.cssSelector: #root > div > header > section > ul > li:nth-child(5) > afound. 
20:21:16.371 [Test worker] INFO  com.ilCarro.qa14.tests.TestBase - Start search By.cssSelector: [name='email'] 
20:21:16.399 [Test worker] INFO  com.ilCarro.qa14.tests.TestBase - By.cssSelector: [name='email'] found. 
20:21:16.661 [Test worker] INFO  com.ilCarro.qa14.tests.TestBase - Start search By.cssSelector: [name='email'] 
20:21:16.681 [Test worker] INFO  com.ilCarro.qa14.tests.TestBase - By.cssSelector: [name='email'] found. 
20:21:16.700 [Test worker] INFO  com.ilCarro.qa14.tests.TestBase - Start search By.cssSelector: [name='email'] 
20:21:16.727 [Test worker] INFO  com.ilCarro.qa14.tests.TestBase - By.cssSelector: [name='email'] found. 
20:21:16.922 [Test worker] INFO  com.ilCarro.qa14.tests.TestBase - Start search By.name: password
20:21:16.957 [Test worker] INFO  com.ilCarro.qa14.tests.TestBase - By.name: passwordfound. 
20:21:17.203 [Test worker] INFO  com.ilCarro.qa14.tests.TestBase - Start search By.name: password
20:21:17.224 [Test worker] INFO  com.ilCarro.qa14.tests.TestBase - By.name: passwordfound. 
20:21:17.241 [Test worker] INFO  com.ilCarro.qa14.tests.TestBase - Start search By.name: password
20:21:17.266 [Test worker] INFO  com.ilCarro.qa14.tests.TestBase - By.name: passwordfound. 
20:21:17.342 [Test worker] INFO  com.ilCarro.qa14.tests.TestBase - Start search By.cssSelector: [type='submit']
20:21:17.360 [Test worker] INFO  com.ilCarro.qa14.tests.TestBase - By.cssSelector: [type='submit']found. 
20:21:17.620 [Test worker] INFO  com.ilCarro.qa14.tests.TestBase - Start search By.xpath: //a[contains(.,'logOut')]
20:21:17.813 [Test worker] INFO  com.ilCarro.qa14.tests.TestBase - By.xpath: //a[contains(.,'logOut')]found. 
20:21:17.828 [Test worker] INFO  com.ilCarro.qa14.tests.TestBase - Passed: test method loginRegisteredUserPositiveTest
20:21:17.831 [Test worker] INFO  com.ilCarro.qa14.tests.TestBase - Start test loginRegisteredUserWithWrongPasswordNegativeTestwith data:[]
20:21:17.833 [Test worker] INFO  com.ilCarro.qa14.tests.TestBase - ______________________________
20:21:17.836 [Test worker] INFO  com.ilCarro.qa14.tests.TestBase - Start search By.cssSelector: [href='/signup']
20:21:37.880 [Test worker] INFO  com.ilCarro.qa14.tests.TestBase - By.cssSelector: [href='/signup']found. 
20:21:37.880 [Test worker] INFO  com.ilCarro.qa14.tests.TestBase - Start search By.xpath: //a[contains(.,'logOut')]
20:21:37.902 [Test worker] INFO  com.ilCarro.qa14.tests.TestBase - By.xpath: //a[contains(.,'logOut')]found. 
20:21:38.274 [Test worker] INFO  com.ilCarro.qa14.tests.TestBase - Start search By.cssSelector: #root > div > header > section > ul > li:nth-child(5) > a
20:21:38.291 [Test worker] INFO  com.ilCarro.qa14.tests.TestBase - By.cssSelector: #root > div > header > section > ul > li:nth-child(5) > afound. 
20:21:38.539 [Test worker] INFO  com.ilCarro.qa14.tests.TestBase - Start search By.cssSelector: [name='email'] 
20:21:38.557 [Test worker] INFO  com.ilCarro.qa14.tests.TestBase - By.cssSelector: [name='email'] found. 
20:21:38.785 [Test worker] INFO  com.ilCarro.qa14.tests.TestBase - Start search By.cssSelector: [name='email'] 
20:21:38.803 [Test worker] INFO  com.ilCarro.qa14.tests.TestBase - By.cssSelector: [name='email'] found. 
20:21:38.822 [Test worker] INFO  com.ilCarro.qa14.tests.TestBase - Start search By.cssSelector: [name='email'] 
20:21:38.836 [Test worker] INFO  com.ilCarro.qa14.tests.TestBase - By.cssSelector: [name='email'] found. 
20:21:38.950 [Test worker] INFO  com.ilCarro.qa14.tests.TestBase - Start search By.name: password
20:21:38.972 [Test worker] INFO  com.ilCarro.qa14.tests.TestBase - By.name: passwordfound. 
20:21:39.221 [Test worker] INFO  com.ilCarro.qa14.tests.TestBase - Start search By.name: password
20:21:39.240 [Test worker] INFO  com.ilCarro.qa14.tests.TestBase - By.name: passwordfound. 
20:21:39.257 [Test worker] INFO  com.ilCarro.qa14.tests.TestBase - Start search By.name: password
20:21:39.270 [Test worker] INFO  com.ilCarro.qa14.tests.TestBase - By.name: passwordfound. 
20:21:39.332 [Test worker] INFO  com.ilCarro.qa14.tests.TestBase - Start search By.cssSelector: [type='submit']
20:21:39.348 [Test worker] INFO  com.ilCarro.qa14.tests.TestBase - By.cssSelector: [type='submit']found. 
20:21:39.591 [Test worker] INFO  com.ilCarro.qa14.tests.TestBase - Passed: test method loginRegisteredUserWithWrongPasswordNegativeTest
]]></system-out>
  <system-err><![CDATA[]]></system-err>
</testsuite>
